<?xml version="1.0" encoding="UTF-8"?>
<!-- Generated by org.testng.reporters.JUnitReportReporter -->
<testsuite hostname="DESKTOP-301C6H9" failures="0" tests="1" name="seleniumwebtesting.Annotation" time="0.017" errors="0" timestamp="2023-09-04T06:53:55 IST" skipped="0">
  <testcase classname="seleniumwebtesting.Annotation" name="dologin" time="0.017"/>
</testsuite> <!-- seleniumwebtesting.Annotation -->
